[22:48:57] [main/INFO] (FabricLoader) Loading for game Minecraft 1.16.1
[22:48:57] [main/DEBUG] (FabricLoader) Requesting deobfuscation of minecraft-1.16.1-mapped-net.fabricmc.yarn-1.16.1+build.21-v2.jar
[22:48:57] [main/DEBUG] (FabricLoader) [Knot] Proposed file:/home/jad/.gradle/caches/fabric-loom/1.16.1-mapped-net.fabricmc.yarn-1.16.1+build.21-v2/minecraft-1.16.1-mapped-net.fabricmc.yarn-1.16.1+build.21-v2.jar to classpath.
[22:48:57] [main/DEBUG] (FabricLoader|EntrypointTransformer) Found game constructor: net.minecraft.client.main.Main -> net.minecraft.client.MinecraftClient
[22:48:57] [main/DEBUG] (FabricLoader|EntrypointTransformer) Patching game constructor <init>(Lnet/minecraft/client/RunArgs;)V
[22:48:57] [main/DEBUG] (FabricLoader|EntrypointTransformer) Run directory field is thought to be net/minecraft/client/MinecraftClient/runDirectory
[22:48:57] [main/DEBUG] (FabricLoader|EntrypointTransformer) Applying brand name hook to net/minecraft/client/ClientBrandRetriever::getClientModName
[22:48:57] [main/DEBUG] (FabricLoader|EntrypointTransformer) Applying brand name hook to net/minecraft/server/MinecraftServer::getServerModName
[22:48:57] [main/DEBUG] (FabricLoader|EntrypointTransformer) [EntrypointTransformer] Patched 3 classes.
[22:48:57] [main/DEBUG] (Fabric|Loader) [ClasspathModCandidateFinder] Adding dev classpath directories to classpath.
[22:48:57] [main/DEBUG] (FabricLoader) [Knot] Proposed file:/media/storage/docs/mc/mods/fabric/1.16.1/ladderwarp/build/classes/java/main/ to classpath.
[22:48:57] [main/DEBUG] (Fabric|Loader) [ClasspathModCandidateFinder] Processing /media/storage/docs/mc/mods/fabric/1.16.1/ladderwarp/build/resources/main/
[22:48:57] [main/DEBUG] (Fabric|Loader) [ClasspathModCandidateFinder] Processing /media/storage/docs/mc/mods/fabric/1.16.1/ladderwarp/.gradle/loom-cache/remapped_mods/fabric-loader-0.9.0+build.204@net.fabricmc.yarn.1_16_1.1.16.1+build.21-v2.jar
[22:48:57] [ForkJoinPool-1-worker-5/DEBUG] (Fabric|Loader) Testing file:/media/storage/docs/mc/mods/fabric/1.16.1/ladderwarp/.gradle/loom-cache/remapped_mods/fabric-loader-0.9.0+build.204@net.fabricmc.yarn.1_16_1.1.16.1+build.21-v2.jar
[22:48:57] [ForkJoinPool-1-worker-3/DEBUG] (Fabric|Loader) Testing file:/media/storage/docs/mc/mods/fabric/1.16.1/ladderwarp/build/resources/main/
[22:48:57] [ForkJoinPool-1-worker-5/DEBUG] (Fabric|Loader) Adding file:/media/storage/docs/mc/mods/fabric/1.16.1/ladderwarp/.gradle/loom-cache/remapped_mods/fabric-loader-0.9.0+build.204@net.fabricmc.yarn.1_16_1.1.16.1+build.21-v2.jar as ModCandidate{fabricloader@0.9.0+build.204}
[22:48:57] [ForkJoinPool-1-worker-3/DEBUG] (Fabric|Loader) Adding file:/media/storage/docs/mc/mods/fabric/1.16.1/ladderwarp/build/resources/main/ as ModCandidate{ladderwarp@1.0.0}
[22:48:57] [ForkJoinPool-1-worker-3/DEBUG] (Fabric|Loader) Searching for nested JARs in ModCandidate{ladderwarp@1.0.0}
[22:48:57] [ForkJoinPool-1-worker-5/DEBUG] (Fabric|Loader) Searching for nested JARs in ModCandidate{fabricloader@0.9.0+build.204}
[22:48:57] [main/DEBUG] (Fabric|Loader) Mod resolution detection time: 31ms
[22:48:57] [main/DEBUG] (Fabric|Loader) Mod resolution time: 3ms
[22:48:57] [main/INFO] (Fabric|Loader) [FabricLoader] Loading 3 mods: minecraft@1.16.1, fabricloader@0.9.0+build.204, ladderwarp@1.0.0
[22:48:57] [main/DEBUG] (FabricLoader) [Knot] Proposed file:/home/jad/.gradle/caches/fabric-loom/1.16.1-mapped-net.fabricmc.yarn-1.16.1+build.21-v2/minecraft-1.16.1-mapped-net.fabricmc.yarn-1.16.1+build.21-v2.jar to classpath.
[22:48:57] [main/DEBUG] (FabricLoader) [Knot] Proposed file:/media/storage/docs/mc/mods/fabric/1.16.1/ladderwarp/build/resources/main/ to classpath.
[22:48:57] [main/DEBUG] (mixin) Mixin bootstrap service org.spongepowered.asm.service.mojang.MixinServiceLaunchWrapperBootstrap is not available: LaunchWrapper is not available
[22:48:57] [main/DEBUG] (mixin) Mixin bootstrap service org.spongepowered.asm.service.modlauncher.MixinServiceModLauncherBootstrap is not available: ModLauncher is not available
[22:48:57] [main/DEBUG] (mixin) MixinService [ModLauncher] is not valid
[22:48:57] [main/DEBUG] (mixin) MixinService [Knot/Fabric] was successfully booted in jdk.internal.loader.ClassLoaders$AppClassLoader@2aae9190
[22:48:57] [main/INFO] (mixin) SpongePowered MIXIN Subsystem Version=0.8 Source=file:/home/jad/.gradle/caches/modules-2/files-2.1/net.fabricmc/sponge-mixin/0.8+build.18/af077ad2845a00cde186fa2c99c4dd32bd2a2766/sponge-mixin-0.8+build.18.jar Service=Knot/Fabric Env=CLIENT
[22:48:57] [main/DEBUG] (mixin) Initialising Mixin Platform Manager
[22:48:57] [main/DEBUG] (mixin) Adding mixin platform agents for container ContainerHandleURI(file:/media/storage/docs/mc/mods/fabric/1.16.1/ladderwarp/.gradle/loom-cache/remapped_mods/fabric-loader-0.9.0+build.204@net.fabricmc.yarn.1_16_1.1.16.1+build.21-v2.jar)
[22:48:57] [main/DEBUG] (mixin) Instancing new MixinPlatformAgentDefault for ContainerHandleURI(file:/media/storage/docs/mc/mods/fabric/1.16.1/ladderwarp/.gradle/loom-cache/remapped_mods/fabric-loader-0.9.0+build.204@net.fabricmc.yarn.1_16_1.1.16.1+build.21-v2.jar)
[22:48:57] [main/DEBUG] (mixin) MixinPlatformAgentDefault accepted container ContainerHandleURI(file:/media/storage/docs/mc/mods/fabric/1.16.1/ladderwarp/.gradle/loom-cache/remapped_mods/fabric-loader-0.9.0+build.204@net.fabricmc.yarn.1_16_1.1.16.1+build.21-v2.jar)
[22:48:57] [main/DEBUG] (mixin) Instancing new MixinPlatformAgentDefault for ContainerHandleURI(file:/media/storage/docs/mc/mods/fabric/1.16.1/ladderwarp/.gradle/loom-cache/remapped_mods/fabric-loader-0.9.0+build.204@net.fabricmc.yarn.1_16_1.1.16.1+build.21-v2.jar)
[22:48:57] [main/DEBUG] (mixin) MixinPlatformAgentDefault accepted container ContainerHandleURI(file:/media/storage/docs/mc/mods/fabric/1.16.1/ladderwarp/.gradle/loom-cache/remapped_mods/fabric-loader-0.9.0+build.204@net.fabricmc.yarn.1_16_1.1.16.1+build.21-v2.jar)
[22:48:57] [main/DEBUG] (mixin) Processing prepare() for PlatformAgent[MixinPlatformAgentDefault:ContainerHandleURI(file:/media/storage/docs/mc/mods/fabric/1.16.1/ladderwarp/.gradle/loom-cache/remapped_mods/fabric-loader-0.9.0+build.204@net.fabricmc.yarn.1_16_1.1.16.1+build.21-v2.jar)]
[22:48:57] [main/DEBUG] (mixin) Processing prepare() for PlatformAgent[MixinPlatformAgentDefault:ContainerHandleURI(file:/media/storage/docs/mc/mods/fabric/1.16.1/ladderwarp/.gradle/loom-cache/remapped_mods/fabric-loader-0.9.0+build.204@net.fabricmc.yarn.1_16_1.1.16.1+build.21-v2.jar)]
[22:48:58] [main/DEBUG] (FabricLoader) Loading mappings took 167 ms
[22:48:58] [main/INFO] (Fabric|MixinBootstrap) Loaded Fabric development mappings for mixin remapper!
[22:48:58] [main/DEBUG] (mixin) Error cleaning class output directory: .mixin.out/class: failed to delete one or more files; see suppressed exceptions for details
[22:48:58] [main/DEBUG] (Fabric|Loader) No subscribers for entrypoint 'preLaunch'
[22:48:58] [main/DEBUG] (mixin) Preparing mixins for MixinEnvironment[DEFAULT]
[22:48:58] [main/DEBUG] (mixin) Selecting config ladderwarp.mixins.json
[22:48:58] [main/DEBUG] (mixin) Preparing ladderwarp.mixins.json (1)
[22:48:58] [main/DEBUG] (mixin) Registering new injector for @Inject with org.spongepowered.asm.mixin.injection.struct.CallbackInjectionInfo
[22:48:58] [main/DEBUG] (mixin) Registering new injector for @ModifyArg with org.spongepowered.asm.mixin.injection.struct.ModifyArgInjectionInfo
[22:48:58] [main/DEBUG] (mixin) Registering new injector for @ModifyArgs with org.spongepowered.asm.mixin.injection.struct.ModifyArgsInjectionInfo
[22:48:58] [main/DEBUG] (mixin) Registering new injector for @Redirect with org.spongepowered.asm.mixin.injection.struct.RedirectInjectionInfo
[22:48:58] [main/DEBUG] (mixin) Registering new injector for @ModifyVariable with org.spongepowered.asm.mixin.injection.struct.ModifyVariableInjectionInfo
[22:48:58] [main/DEBUG] (mixin) Registering new injector for @ModifyConstant with org.spongepowered.asm.mixin.injection.struct.ModifyConstantInjectionInfo
[22:48:58] [main/DEBUG] (mixin) Mixing LadderBlockMixin from ladderwarp.mixins.json into net.minecraft.block.LadderBlock
[22:49:03] [main/INFO] (com.mojang.authlib.yggdrasil.YggdrasilAuthenticationService) Environment: authHost='https://authserver.mojang.com', accountsHost='https://api.mojang.com', sessionHost='https://sessionserver.mojang.com', name='PROD'
[22:49:03] [main/INFO] (net.minecraft.client.MinecraftClient) Setting user: Player428
[22:49:03] [main/DEBUG] (Fabric|Loader) No subscribers for entrypoint 'main'
[22:49:03] [main/DEBUG] (Fabric|Loader) No subscribers for entrypoint 'client'
[22:49:03] [main/INFO] (net.minecraft.client.MinecraftClient) Backend library: LWJGL version 3.2.2 build 10
[22:49:05] [main/WARN] (com.mojang.text2speech.NarratorLinux) ERROR : Couldn't load Narrator library : Unable to load library 'fliteWrapper': Native library (linux-x86-64/libfliteWrapper.so) not found in resource path (/media/storage/docs/mc/mods/fabric/1.16.1/ladderwarp/build/classes/java/main:/media/storage/docs/mc/mods/fabric/1.16.1/ladderwarp/build/resources/main:/home/jad/.gradle/caches/fabric-loom/yarn-1.16.1+build.21-v2-final.jar:/home/jad/.gradle/caches/modules-2/files-2.1/com.mojang/patchy/1.1/aef610b34a1be37fa851825f12372b78424d8903/patchy-1.1.jar:/home/jad/.gradle/caches/modules-2/files-2.1/oshi-project/oshi-core/1.1/9ddf7b048a8d701be231c0f4f95fd986198fd2d8/oshi-core-1.1.jar:/home/jad/.gradle/caches/modules-2/files-2.1/net.java.dev.jna/jna/4.4.0/cb208278274bf12ebdb56c61bd7407e6f774d65a/jna-4.4.0.jar:/home/jad/.gradle/caches/modules-2/files-2.1/net.java.dev.jna/platform/3.4.0/e3f70017be8100d3d6923f50b3d2ee17714e9c13/platform-3.4.0.jar:/home/jad/.gradle/caches/modules-2/files-2.1/com.ibm.icu/icu4j/66.1/72c7519b6d91f7a1f993bd44a99fe95d67211b27/icu4j-66.1.jar:/home/jad/.gradle/caches/modules-2/files-2.1/com.mojang/javabridge/1.0.22/6aa6453aa99a52a5cd91749da1af6ab70e082ab3/javabridge-1.0.22.jar:/home/jad/.gradle/caches/modules-2/files-2.1/net.sf.jopt-simple/jopt-simple/5.0.3/cdd846cfc4e0f7eefafc02c0f5dce32b9303aa2a/jopt-simple-5.0.3.jar:/home/jad/.gradle/caches/modules-2/files-2.1/io.netty/netty-all/4.1.25.Final/d0626cd3108294d1d58c05859add27b4ef21f83b/netty-all-4.1.25.Final.jar:/home/jad/.gradle/caches/modules-2/files-2.1/com.google.guava/guava/21.0/3a3d111be1be1b745edfa7d91678a12d7ed38709/guava-21.0.jar:/home/jad/.gradle/caches/modules-2/files-2.1/org.apache.commons/commons-lang3/3.5/6c6c702c89bfff3cd9e80b04d668c5e190d588c6/commons-lang3-3.5.jar:/home/jad/.gradle/caches/modules-2/files-2.1/commons-io/commons-io/2.5/2852e6e05fbb95076fc091f6d1780f1f8fe35e0f/commons-io-2.5.jar:/home/jad/.gradle/caches/modules-2/files-2.1/commons-codec/commons-codec/1.10/4b95f4897fa13f2cd904aee711aeafc0c5295cd8/commons-codec-1.10.jar:/home/jad/.gradle/caches/modules-2/files-2.1/net.java.jinput/jinput/2.0.5/39c7796b469a600f72380316f6b1f11db6c2c7c4/jinput-2.0.5.jar:/home/jad/.gradle/caches/modules-2/files-2.1/net.java.jutils/jutils/1.0.0/e12fe1fda814bd348c1579329c86943d2cd3c6a6/jutils-1.0.0.jar:/home/jad/.gradle/caches/modules-2/files-2.1/com.mojang/brigadier/1.0.17/c6b7dc51dd44379cc751b7504816006e9be4b1e6/brigadier-1.0.17.jar:/home/jad/.gradle/caches/modules-2/files-2.1/com.mojang/datafixerupper/3.0.25/b3e9ae66d5a69b4aa43d9dbe1e2b2d1401251343/datafixerupper-3.0.25.jar:/home/jad/.gradle/caches/modules-2/files-2.1/com.google.code.gson/gson/2.8.0/c4ba5371a29ac9b2ad6129b1d39ea38750043eff/gson-2.8.0.jar:/home/jad/.gradle/caches/modules-2/files-2.1/com.mojang/authlib/1.6.25/5bd0ce00c1e1f483641f85bccb02d1956dd77ec0/authlib-1.6.25.jar:/home/jad/.gradle/caches/modules-2/files-2.1/org.apache.commons/commons-compress/1.8.1/a698750c16740fd5b3871425f4cb3bbaa87f529d/commons-compress-1.8.1.jar:/home/jad/.gradle/caches/modules-2/files-2.1/org.apache.httpcomponents/httpclient/4.3.3/18f4247ff4572a074444572cee34647c43e7c9c7/httpclient-4.3.3.jar:/home/jad/.gradle/caches/modules-2/files-2.1/commons-logging/commons-logging/1.1.3/f6f66e966c70a83ffbdb6f17a0919eaf7c8aca7f/commons-logging-1.1.3.jar:/home/jad/.gradle/caches/modules-2/files-2.1/org.apache.httpcomponents/httpcore/4.3.2/31fbbff1ddbf98f3aa7377c94d33b0447c646b6e/httpcore-4.3.2.jar:/home/jad/.gradle/caches/modules-2/files-2.1/it.unimi.dsi/fastutil/8.2.1/5ad88f325e424f8dbc2be5459e21ea5cab3864e9/fastutil-8.2.1.jar:/home/jad/.gradle/caches/modules-2/files-2.1/org.apache.logging.log4j/log4j-api/2.8.1/e801d13612e22cad62a3f4f3fe7fdbe6334a8e72/log4j-api-2.8.1.jar:/home/jad/.gradle/caches/modules-2/files-2.1/org.apache.logging.log4j/log4j-core/2.8.1/4ac28ff2f1ddf05dae3043a190451e8c46b73c31/log4j-core-2.8.1.jar:/home/jad/.gradle/caches/modules-2/files-2.1/org.lwjgl/lwjgl/3.2.2/8ad6294407e15780b43e84929c40e4c5e997972e/lwjgl-3.2.2.jar:/home/jad/.gradle/caches/modules-2/files-2.1/org.lwjgl/lwjgl-jemalloc/3.2.2/ee8e57a79300f78294576d87c4a587f8c99402e2/lwjgl-jemalloc-3.2.2.jar:/home/jad/.gradle/caches/modules-2/files-2.1/org.lwjgl/lwjgl-openal/3.2.2/2b772a102b0a11ee5f2109a5b136f4dc7c630827/lwjgl-openal-3.2.2.jar:/home/jad/.gradle/caches/modules-2/files-2.1/org.lwjgl/lwjgl-opengl/3.2.2/6ac5bb88b44c43ea195a570aab059f63da004cd8/lwjgl-opengl-3.2.2.jar:/home/jad/.gradle/caches/modules-2/files-2.1/org.lwjgl/lwjgl-glfw/3.2.2/d3ad4df38e400b8afba1de63f84338809399df5b/lwjgl-glfw-3.2.2.jar:/home/jad/.gradle/caches/modules-2/files-2.1/org.lwjgl/lwjgl-stb/3.2.2/3b8e6ebc5851dd3d17e37e5cadce2eff2a429f0f/lwjgl-stb-3.2.2.jar:/home/jad/.gradle/caches/modules-2/files-2.1/org.lwjgl/lwjgl-tinyfd/3.2.2/fcbe606c8f8da6f8f9a05e2c540eb1ee8632b0e9/lwjgl-tinyfd-3.2.2.jar:/home/jad/.gradle/caches/modules-2/files-2.1/com.mojang/text2speech/1.11.3/f378f889797edd7df8d32272c06ca80a1b6b0f58/text2speech-1.11.3.jar:/home/jad/.gradle/caches/modules-2/files-2.1/net.fabricmc/tiny-mappings-parser/0.2.2.14/b7020df2520820f670dfaedd2cf23666d24a2aa8/tiny-mappings-parser-0.2.2.14.jar:/home/jad/.gradle/caches/modules-2/files-2.1/net.fabricmc/sponge-mixin/0.8+build.18/af077ad2845a00cde186fa2c99c4dd32bd2a2766/sponge-mixin-0.8+build.18.jar:/home/jad/.gradle/caches/modules-2/files-2.1/net.fabricmc/tiny-remapper/0.2.2.64/34702a4109c7a9bfe1cb599f9fc46b2c06a3e8f0/tiny-remapper-0.2.2.64.jar:/home/jad/.gradle/caches/modules-2/files-2.1/net.fabricmc/fabric-loader-sat4j/2.3.5.4/f8fe5353909430b5845ae24ea1e01d83f12ad916/fabric-loader-sat4j-2.3.5.4.jar:/home/jad/.gradle/caches/modules-2/files-2.1/com.google.jimfs/jimfs/1.2-fabric/c3705f1acc511edb8ad4fd4e86ae4634a25315bb/jimfs-1.2-fabric.jar:/home/jad/.gradle/caches/modules-2/files-2.1/org.ow2.asm/asm/8.0/d1a17d07c60e9e82c8b31b1d8f9ca98726418db4/asm-8.0.jar:/home/jad/.gradle/caches/modules-2/files-2.1/org.ow2.asm/asm-analysis/8.0/57b12c6a9e14788f63ee3c6c0132fadcce1727d0/asm-analysis-8.0.jar:/home/jad/.gradle/caches/modules-2/files-2.1/org.ow2.asm/asm-commons/8.0/ea2231bdb3394bcca5989db7f7586f743829a9cb/asm-commons-8.0.jar:/home/jad/.gradle/caches/modules-2/files-2.1/org.ow2.asm/asm-tree/8.0/7b31ca94da9f57334a5aed79b40f2b88c5ee9f4f/asm-tree-8.0.jar:/home/jad/.gradle/caches/modules-2/files-2.1/org.ow2.asm/asm-util/8.0/b21996293fd49851ed9017cfde3191e49f77fbd0/asm-util-8.0.jar:/home/jad/.gradle/caches/fabric-loom/1.16.1-mapped-net.fabricmc.yarn-1.16.1+build.21-v2/minecraft-1.16.1-mapped-net.fabricmc.yarn-1.16.1+build.21-v2.jar:/media/storage/docs/mc/mods/fabric/1.16.1/ladderwarp/.gradle/loom-cache/remapped_mods/fabric-loader-0.9.0+build.204@net.fabricmc.yarn.1_16_1.1.16.1+build.21-v2.jar:/home/jad/.gradle/caches/modules-2/files-2.1/net.minecrell/terminalconsoleappender/1.2.0/96d02cd3b384ff015a8fef4223bcb4ccf1717c95/terminalconsoleappender-1.2.0.jar:/home/jad/.gradle/caches/modules-2/files-2.1/net.fabricmc/dev-launch-injector/0.2.1+build.8/da8bef7e6e2f952da707f282bdb46882a0fce5e3/dev-launch-injector-0.2.1+build.8.jar:/home/jad/.gradle/caches/modules-2/files-2.1/org.jline/jline-reader/3.12.1/4382ab1382c7b6f379377ed5f665dc2f6e1218bc/jline-reader-3.12.1.jar:/home/jad/.gradle/caches/modules-2/files-2.1/org.jline/jline-terminal/3.12.1/c777448314e050d980a6b697c140f3bfe9eb7416/jline-terminal-3.12.1.jar:/usr/share/idea/lib/idea_rt.jar)
[22:49:05] [main/INFO] (net.minecraft.resource.ReloadableResourceManagerImpl) Reloading ResourceManager: Default
[22:49:10] [main/INFO] (net.minecraft.client.sound.SoundEngine) OpenAL initialized.
[22:49:10] [main/INFO] (net.minecraft.client.sound.SoundSystem) Sound engine started
[22:49:11] [main/INFO] (net.minecraft.client.texture.SpriteAtlasTexture) Created: 1024x1024x4 minecraft:textures/atlas/blocks.png-atlas
[22:49:11] [main/INFO] (net.minecraft.client.texture.SpriteAtlasTexture) Created: 256x128x4 minecraft:textures/atlas/signs.png-atlas
[22:49:11] [main/INFO] (net.minecraft.client.texture.SpriteAtlasTexture) Created: 1024x512x4 minecraft:textures/atlas/banner_patterns.png-atlas
[22:49:11] [main/INFO] (net.minecraft.client.texture.SpriteAtlasTexture) Created: 1024x512x4 minecraft:textures/atlas/shield_patterns.png-atlas
[22:49:11] [main/INFO] (net.minecraft.client.texture.SpriteAtlasTexture) Created: 256x256x4 minecraft:textures/atlas/chest.png-atlas
[22:49:11] [main/INFO] (net.minecraft.client.texture.SpriteAtlasTexture) Created: 512x256x4 minecraft:textures/atlas/beds.png-atlas
[22:49:11] [main/INFO] (net.minecraft.client.texture.SpriteAtlasTexture) Created: 512x256x4 minecraft:textures/atlas/shulker_boxes.png-atlas
[22:49:12] [main/INFO] (net.minecraft.client.texture.SpriteAtlasTexture) Created: 256x256x0 minecraft:textures/atlas/particles.png-atlas
[22:49:12] [main/INFO] (net.minecraft.client.texture.SpriteAtlasTexture) Created: 256x256x0 minecraft:textures/atlas/paintings.png-atlas
[22:49:12] [main/INFO] (net.minecraft.client.texture.SpriteAtlasTexture) Created: 256x128x0 minecraft:textures/atlas/mob_effects.png-atlas
[22:49:14] [Realms Notification Availability checker #1/INFO] (com.mojang.realmsclient.client.RealmsClient) Could not authorize you against Realms server: Invalid session id
[22:49:53] [main/WARN] (net.minecraft.server.command.CommandManager) Ambiguity between arguments [teleport, destination] and [teleport, targets] with inputs: [Player, 0123, @e, dd12be42-52a9-4a91-a8a1-11c01849e498]
[22:49:53] [main/WARN] (net.minecraft.server.command.CommandManager) Ambiguity between arguments [teleport, location] and [teleport, destination] with inputs: [0.1 -0.5 .9, 0 0 0]
[22:49:53] [main/WARN] (net.minecraft.server.command.CommandManager) Ambiguity between arguments [teleport, location] and [teleport, targets] with inputs: [0.1 -0.5 .9, 0 0 0]
[22:49:53] [main/WARN] (net.minecraft.server.command.CommandManager) Ambiguity between arguments [teleport, targets] and [teleport, destination] with inputs: [Player, 0123, dd12be42-52a9-4a91-a8a1-11c01849e498]
[22:49:53] [main/WARN] (net.minecraft.server.command.CommandManager) Ambiguity between arguments [teleport, targets, location] and [teleport, targets, destination] with inputs: [0.1 -0.5 .9, 0 0 0]
[22:49:53] [main/INFO] (net.minecraft.resource.ReloadableResourceManagerImpl) Reloading ResourceManager: Default
[22:49:53] [main/INFO] (net.minecraft.recipe.RecipeManager) Loaded 7 recipes
[22:49:53] [main/INFO] (net.minecraft.advancement.AdvancementManager) Loaded 927 advancements
[22:49:54] [main/INFO] (com.mojang.authlib.yggdrasil.YggdrasilAuthenticationService) Environment: authHost='https://authserver.mojang.com', accountsHost='https://api.mojang.com', sessionHost='https://sessionserver.mojang.com', name='PROD'
[22:49:54] [Server thread/INFO] (net.minecraft.server.integrated.IntegratedServer) Starting integrated minecraft server version 1.16.1
[22:49:54] [Server thread/INFO] (net.minecraft.server.integrated.IntegratedServer) Generating keypair
[22:49:54] [Server thread/INFO] (net.minecraft.server.MinecraftServer) Preparing start region for dimension minecraft:overworld
[22:49:55] [main/INFO] (net.minecraft.server.WorldGenerationProgressLogger) Preparing spawn area: 0%
[22:49:55] [main/INFO] (net.minecraft.server.WorldGenerationProgressLogger) Preparing spawn area: 0%
[22:49:55] [main/INFO] (net.minecraft.server.WorldGenerationProgressLogger) Preparing spawn area: 3%
[22:49:56] [main/INFO] (net.minecraft.server.WorldGenerationProgressLogger) Preparing spawn area: 8%
[22:49:56] [main/INFO] (net.minecraft.server.WorldGenerationProgressLogger) Preparing spawn area: 15%
[22:49:57] [main/INFO] (net.minecraft.server.WorldGenerationProgressLogger) Preparing spawn area: 22%
[22:49:57] [main/INFO] (net.minecraft.server.WorldGenerationProgressLogger) Preparing spawn area: 27%
[22:49:58] [main/INFO] (net.minecraft.server.WorldGenerationProgressLogger) Preparing spawn area: 34%
[22:49:58] [main/INFO] (net.minecraft.server.WorldGenerationProgressLogger) Preparing spawn area: 41%
[22:49:59] [main/INFO] (net.minecraft.server.WorldGenerationProgressLogger) Preparing spawn area: 48%
[22:49:59] [main/INFO] (net.minecraft.server.WorldGenerationProgressLogger) Preparing spawn area: 56%
[22:50:00] [main/INFO] (net.minecraft.server.WorldGenerationProgressLogger) Preparing spawn area: 63%
[22:50:00] [main/INFO] (net.minecraft.server.WorldGenerationProgressLogger) Preparing spawn area: 70%
[22:50:01] [main/INFO] (net.minecraft.server.WorldGenerationProgressLogger) Preparing spawn area: 72%
[22:50:01] [main/INFO] (net.minecraft.server.WorldGenerationProgressLogger) Preparing spawn area: 88%
[22:50:02] [main/INFO] (net.minecraft.server.WorldGenerationProgressLogger) Preparing spawn area: 95%
[22:50:02] [main/INFO] (net.minecraft.server.WorldGenerationProgressLogger) Time elapsed: 7824 ms
[22:50:02] [Server thread/INFO] (net.minecraft.server.integrated.IntegratedServer) Changing view distance to 11, from 10
[22:50:04] [Server thread/INFO] (net.minecraft.server.PlayerManager) Player428[local:E:57c374b4] logged in with entity id 41 at (64.5, 4.0, -144.5)
[22:50:04] [Server thread/INFO] (net.minecraft.server.MinecraftServer) Player428 joined the game
[22:50:04] [Server thread/INFO] (net.minecraft.server.integrated.IntegratedServer) Saving and pausing game...
[22:50:04] [Server thread/INFO] (net.minecraft.server.MinecraftServer) Saving chunks for level 'ServerLevel[New World]'/minecraft:overworld
[22:50:04] [main/INFO] (net.minecraft.advancement.AdvancementManager) Loaded 0 advancements
[22:50:04] [Server thread/INFO] (net.minecraft.server.MinecraftServer) Saving chunks for level 'ServerLevel[New World]'/minecraft:the_nether
[22:50:04] [Server thread/INFO] (net.minecraft.server.MinecraftServer) Saving chunks for level 'ServerLevel[New World]'/minecraft:the_end
[22:50:04] [Worker-Main-11/DEBUG] (com.mojang.authlib.HttpAuthenticationService) Opening connection to https://sessionserver.mojang.com/session/minecraft/profile/e456eb14598b334f9a180f7f93a2858c?unsigned=true
[22:50:04] [Worker-Main-11/DEBUG] (com.mojang.authlib.HttpAuthenticationService) Reading data from https://sessionserver.mojang.com/session/minecraft/profile/e456eb14598b334f9a180f7f93a2858c?unsigned=true
[22:50:04] [Worker-Main-11/DEBUG] (com.mojang.authlib.HttpAuthenticationService) Successful read, server response was 204
[22:50:04] [Worker-Main-11/DEBUG] (com.mojang.authlib.HttpAuthenticationService) Response: 
[22:50:04] [Worker-Main-11/DEBUG] (com.mojang.authlib.yggdrasil.YggdrasilMinecraftSessionService) Couldn't fetch profile properties for com.mojang.authlib.GameProfile@2580c689[id=e456eb14-598b-334f-9a18-0f7f93a2858c,name=Player428,properties={},legacy=false] as the profile does not exist
[22:50:10] [Server thread/INFO] (net.minecraft.server.integrated.IntegratedServer) Saving and pausing game...
[22:50:10] [Server thread/INFO] (net.minecraft.server.MinecraftServer) Saving chunks for level 'ServerLevel[New World]'/minecraft:overworld
[22:50:10] [Server thread/INFO] (net.minecraft.server.MinecraftServer) Saving chunks for level 'ServerLevel[New World]'/minecraft:the_nether
[22:50:10] [Server thread/INFO] (net.minecraft.server.MinecraftServer) Saving chunks for level 'ServerLevel[New World]'/minecraft:the_end
[22:50:24] [Server thread/INFO] (net.minecraft.server.integrated.IntegratedServer) Changing view distance to 8, from 11
[22:50:53] [main/INFO] (net.minecraft.advancement.AdvancementManager) Loaded 15 advancements
[22:51:07] [main/INFO] (net.minecraft.util.logging.LoggerPrintStream) [STDOUT]: UP: 3, DOWN: 0
[22:51:07] [Server thread/INFO] (net.minecraft.util.logging.LoggerPrintStream) [STDOUT]: UP: 3, DOWN: 0
[22:51:11] [main/INFO] (net.minecraft.util.logging.LoggerPrintStream) [STDOUT]: UP: 0, DOWN: 0
[22:51:11] [Server thread/INFO] (net.minecraft.util.logging.LoggerPrintStream) [STDOUT]: UP: 0, DOWN: 0
[22:51:11] [main/INFO] (net.minecraft.util.logging.LoggerPrintStream) [STDOUT]: UP: 0, DOWN: 0
[22:51:11] [Server thread/INFO] (net.minecraft.util.logging.LoggerPrintStream) [STDOUT]: UP: 0, DOWN: 0
[22:51:12] [main/INFO] (net.minecraft.util.logging.LoggerPrintStream) [STDOUT]: UP: 0, DOWN: 0
[22:51:12] [Server thread/INFO] (net.minecraft.util.logging.LoggerPrintStream) [STDOUT]: UP: 0, DOWN: 0
[22:51:12] [main/INFO] (net.minecraft.util.logging.LoggerPrintStream) [STDOUT]: UP: 0, DOWN: 0
[22:51:12] [Server thread/INFO] (net.minecraft.util.logging.LoggerPrintStream) [STDOUT]: UP: 0, DOWN: 0
[22:51:12] [main/INFO] (net.minecraft.util.logging.LoggerPrintStream) [STDOUT]: UP: 0, DOWN: 0
[22:51:12] [Server thread/INFO] (net.minecraft.util.logging.LoggerPrintStream) [STDOUT]: UP: 0, DOWN: 0
[22:51:13] [main/INFO] (net.minecraft.util.logging.LoggerPrintStream) [STDOUT]: UP: 1, DOWN: 0
[22:51:13] [Server thread/INFO] (net.minecraft.util.logging.LoggerPrintStream) [STDOUT]: UP: 1, DOWN: 0
[22:51:13] [main/INFO] (net.minecraft.util.logging.LoggerPrintStream) [STDOUT]: UP: 1, DOWN: 0
[22:51:13] [Server thread/INFO] (net.minecraft.util.logging.LoggerPrintStream) [STDOUT]: UP: 1, DOWN: 0
[22:51:14] [main/INFO] (net.minecraft.util.logging.LoggerPrintStream) [STDOUT]: UP: 1, DOWN: 0
[22:51:14] [Server thread/INFO] (net.minecraft.util.logging.LoggerPrintStream) [STDOUT]: UP: 1, DOWN: 0
[22:51:14] [main/INFO] (net.minecraft.util.logging.LoggerPrintStream) [STDOUT]: UP: 1, DOWN: 0
[22:51:14] [Server thread/INFO] (net.minecraft.util.logging.LoggerPrintStream) [STDOUT]: UP: 1, DOWN: 0
[22:51:15] [main/INFO] (net.minecraft.util.logging.LoggerPrintStream) [STDOUT]: UP: 1, DOWN: 0
[22:51:15] [Server thread/INFO] (net.minecraft.util.logging.LoggerPrintStream) [STDOUT]: UP: 1, DOWN: 0
[22:51:16] [main/INFO] (net.minecraft.util.logging.LoggerPrintStream) [STDOUT]: UP: 1, DOWN: 0
[22:51:16] [Server thread/INFO] (net.minecraft.util.logging.LoggerPrintStream) [STDOUT]: UP: 1, DOWN: 0
[22:51:16] [main/INFO] (net.minecraft.util.logging.LoggerPrintStream) [STDOUT]: UP: 1, DOWN: 0
[22:51:16] [Server thread/INFO] (net.minecraft.util.logging.LoggerPrintStream) [STDOUT]: UP: 1, DOWN: 0
[22:51:17] [main/INFO] (net.minecraft.util.logging.LoggerPrintStream) [STDOUT]: UP: 1, DOWN: 0
[22:51:17] [Server thread/INFO] (net.minecraft.util.logging.LoggerPrintStream) [STDOUT]: UP: 1, DOWN: 0
[22:51:18] [main/INFO] (net.minecraft.util.logging.LoggerPrintStream) [STDOUT]: UP: 0, DOWN: 1
[22:51:18] [Server thread/INFO] (net.minecraft.util.logging.LoggerPrintStream) [STDOUT]: UP: 0, DOWN: 1
[22:51:19] [main/INFO] (net.minecraft.util.logging.LoggerPrintStream) [STDOUT]: UP: 0, DOWN: 1
[22:51:19] [Server thread/INFO] (net.minecraft.util.logging.LoggerPrintStream) [STDOUT]: UP: 0, DOWN: 1
[22:51:19] [main/INFO] (net.minecraft.util.logging.LoggerPrintStream) [STDOUT]: UP: 1, DOWN: 0
[22:51:19] [Server thread/INFO] (net.minecraft.util.logging.LoggerPrintStream) [STDOUT]: UP: 1, DOWN: 0
[22:51:20] [main/INFO] (net.minecraft.util.logging.LoggerPrintStream) [STDOUT]: UP: 1, DOWN: 0
[22:51:20] [Server thread/INFO] (net.minecraft.util.logging.LoggerPrintStream) [STDOUT]: UP: 1, DOWN: 0
[22:51:22] [main/INFO] (net.minecraft.util.logging.LoggerPrintStream) [STDOUT]: UP: 2, DOWN: 0
[22:51:22] [Server thread/INFO] (net.minecraft.util.logging.LoggerPrintStream) [STDOUT]: UP: 2, DOWN: 0
[22:51:23] [main/INFO] (net.minecraft.util.logging.LoggerPrintStream) [STDOUT]: UP: 1, DOWN: 1
[22:51:23] [Server thread/INFO] (net.minecraft.util.logging.LoggerPrintStream) [STDOUT]: UP: 1, DOWN: 1
[22:51:23] [main/INFO] (net.minecraft.util.logging.LoggerPrintStream) [STDOUT]: UP: 1, DOWN: 1
[22:51:23] [Server thread/INFO] (net.minecraft.util.logging.LoggerPrintStream) [STDOUT]: UP: 1, DOWN: 1
[22:51:24] [main/INFO] (net.minecraft.util.logging.LoggerPrintStream) [STDOUT]: UP: 0, DOWN: 2
[22:51:24] [Server thread/INFO] (net.minecraft.util.logging.LoggerPrintStream) [STDOUT]: UP: 0, DOWN: 2
[22:51:24] [main/INFO] (net.minecraft.util.logging.LoggerPrintStream) [STDOUT]: UP: 2, DOWN: 0
[22:51:24] [Server thread/INFO] (net.minecraft.util.logging.LoggerPrintStream) [STDOUT]: UP: 2, DOWN: 0
[22:51:24] [main/INFO] (net.minecraft.util.logging.LoggerPrintStream) [STDOUT]: UP: 0, DOWN: 2
[22:51:24] [Server thread/INFO] (net.minecraft.util.logging.LoggerPrintStream) [STDOUT]: UP: 0, DOWN: 2
[22:51:24] [main/INFO] (net.minecraft.util.logging.LoggerPrintStream) [STDOUT]: UP: 2, DOWN: 0
[22:51:24] [Server thread/INFO] (net.minecraft.util.logging.LoggerPrintStream) [STDOUT]: UP: 2, DOWN: 0
[22:51:25] [main/INFO] (net.minecraft.util.logging.LoggerPrintStream) [STDOUT]: UP: 2, DOWN: 0
[22:51:25] [Server thread/INFO] (net.minecraft.util.logging.LoggerPrintStream) [STDOUT]: UP: 2, DOWN: 0
[22:51:25] [main/INFO] (net.minecraft.util.logging.LoggerPrintStream) [STDOUT]: UP: 0, DOWN: 2
[22:51:25] [Server thread/INFO] (net.minecraft.util.logging.LoggerPrintStream) [STDOUT]: UP: 0, DOWN: 2
[22:51:25] [main/INFO] (net.minecraft.util.logging.LoggerPrintStream) [STDOUT]: UP: 2, DOWN: 0
[22:51:25] [Server thread/INFO] (net.minecraft.util.logging.LoggerPrintStream) [STDOUT]: UP: 2, DOWN: 0
[22:51:26] [main/INFO] (net.minecraft.util.logging.LoggerPrintStream) [STDOUT]: UP: 0, DOWN: 2
[22:51:26] [Server thread/INFO] (net.minecraft.util.logging.LoggerPrintStream) [STDOUT]: UP: 0, DOWN: 2
[22:51:26] [main/INFO] (net.minecraft.util.logging.LoggerPrintStream) [STDOUT]: UP: 2, DOWN: 0
[22:51:26] [Server thread/INFO] (net.minecraft.util.logging.LoggerPrintStream) [STDOUT]: UP: 2, DOWN: 0
[22:51:26] [main/INFO] (net.minecraft.util.logging.LoggerPrintStream) [STDOUT]: UP: 1, DOWN: 1
[22:51:26] [Server thread/INFO] (net.minecraft.util.logging.LoggerPrintStream) [STDOUT]: UP: 1, DOWN: 1
[22:51:27] [main/INFO] (net.minecraft.util.logging.LoggerPrintStream) [STDOUT]: UP: 1, DOWN: 1
[22:51:27] [Server thread/INFO] (net.minecraft.util.logging.LoggerPrintStream) [STDOUT]: UP: 1, DOWN: 1
[22:51:27] [main/INFO] (net.minecraft.util.logging.LoggerPrintStream) [STDOUT]: UP: 0, DOWN: 2
[22:51:27] [Server thread/INFO] (net.minecraft.util.logging.LoggerPrintStream) [STDOUT]: UP: 0, DOWN: 2
[22:51:27] [main/INFO] (net.minecraft.util.logging.LoggerPrintStream) [STDOUT]: UP: 2, DOWN: 0
[22:51:27] [Server thread/INFO] (net.minecraft.util.logging.LoggerPrintStream) [STDOUT]: UP: 2, DOWN: 0
[22:51:27] [main/INFO] (net.minecraft.util.logging.LoggerPrintStream) [STDOUT]: UP: 0, DOWN: 2
[22:51:27] [Server thread/INFO] (net.minecraft.util.logging.LoggerPrintStream) [STDOUT]: UP: 0, DOWN: 2
[22:51:27] [main/INFO] (net.minecraft.util.logging.LoggerPrintStream) [STDOUT]: UP: 2, DOWN: 0
[22:51:27] [Server thread/INFO] (net.minecraft.util.logging.LoggerPrintStream) [STDOUT]: UP: 2, DOWN: 0
[22:51:28] [main/INFO] (net.minecraft.util.logging.LoggerPrintStream) [STDOUT]: UP: 0, DOWN: 2
[22:51:28] [Server thread/INFO] (net.minecraft.util.logging.LoggerPrintStream) [STDOUT]: UP: 0, DOWN: 2
[22:51:28] [main/INFO] (net.minecraft.util.logging.LoggerPrintStream) [STDOUT]: UP: 2, DOWN: 0
[22:51:28] [Server thread/INFO] (net.minecraft.util.logging.LoggerPrintStream) [STDOUT]: UP: 2, DOWN: 0
[22:51:29] [main/INFO] (net.minecraft.util.logging.LoggerPrintStream) [STDOUT]: UP: 0, DOWN: 2
[22:51:29] [Server thread/INFO] (net.minecraft.util.logging.LoggerPrintStream) [STDOUT]: UP: 0, DOWN: 2
[22:51:29] [main/INFO] (net.minecraft.util.logging.LoggerPrintStream) [STDOUT]: UP: 2, DOWN: 0
[22:51:29] [Server thread/INFO] (net.minecraft.util.logging.LoggerPrintStream) [STDOUT]: UP: 2, DOWN: 0
[22:51:29] [main/INFO] (net.minecraft.util.logging.LoggerPrintStream) [STDOUT]: UP: 0, DOWN: 2
[22:51:29] [Server thread/INFO] (net.minecraft.util.logging.LoggerPrintStream) [STDOUT]: UP: 0, DOWN: 2
[22:51:29] [main/INFO] (net.minecraft.util.logging.LoggerPrintStream) [STDOUT]: UP: 2, DOWN: 0
[22:51:29] [Server thread/INFO] (net.minecraft.util.logging.LoggerPrintStream) [STDOUT]: UP: 2, DOWN: 0
[22:51:29] [main/INFO] (net.minecraft.util.logging.LoggerPrintStream) [STDOUT]: UP: 0, DOWN: 2
[22:51:29] [Server thread/INFO] (net.minecraft.util.logging.LoggerPrintStream) [STDOUT]: UP: 0, DOWN: 2
[22:51:39] [main/INFO] (net.minecraft.util.logging.LoggerPrintStream) [STDOUT]: UP: 0, DOWN: 0
[22:51:39] [Server thread/INFO] (net.minecraft.util.logging.LoggerPrintStream) [STDOUT]: UP: 0, DOWN: 0
[22:51:43] [main/INFO] (net.minecraft.util.logging.LoggerPrintStream) [STDOUT]: UP: 0, DOWN: 0
[22:51:43] [Server thread/INFO] (net.minecraft.util.logging.LoggerPrintStream) [STDOUT]: UP: 0, DOWN: 0
[22:51:43] [main/INFO] (net.minecraft.util.logging.LoggerPrintStream) [STDOUT]: UP: 0, DOWN: 0
[22:51:43] [Server thread/INFO] (net.minecraft.util.logging.LoggerPrintStream) [STDOUT]: UP: 0, DOWN: 0
[22:51:43] [main/INFO] (net.minecraft.util.logging.LoggerPrintStream) [STDOUT]: UP: 0, DOWN: 0
[22:51:43] [Server thread/INFO] (net.minecraft.util.logging.LoggerPrintStream) [STDOUT]: UP: 0, DOWN: 0
[22:51:44] [main/INFO] (net.minecraft.util.logging.LoggerPrintStream) [STDOUT]: UP: 0, DOWN: 1
[22:51:44] [Server thread/INFO] (net.minecraft.util.logging.LoggerPrintStream) [STDOUT]: UP: 0, DOWN: 1
[22:51:47] [main/INFO] (net.minecraft.util.logging.LoggerPrintStream) [STDOUT]: UP: 0, DOWN: 13
[22:51:47] [Server thread/INFO] (net.minecraft.util.logging.LoggerPrintStream) [STDOUT]: UP: 0, DOWN: 13
[22:51:48] [main/INFO] (net.minecraft.util.logging.LoggerPrintStream) [STDOUT]: UP: 12, DOWN: 1
[22:51:48] [Server thread/INFO] (net.minecraft.util.logging.LoggerPrintStream) [STDOUT]: UP: 12, DOWN: 1
[22:52:08] [main/INFO] (net.minecraft.util.logging.LoggerPrintStream) [STDOUT]: UP: 13, DOWN: 0
[22:52:08] [Server thread/INFO] (net.minecraft.util.logging.LoggerPrintStream) [STDOUT]: UP: 13, DOWN: 0
[22:52:09] [main/INFO] (net.minecraft.util.logging.LoggerPrintStream) [STDOUT]: UP: 0, DOWN: 13
[22:52:09] [Server thread/INFO] (net.minecraft.util.logging.LoggerPrintStream) [STDOUT]: UP: 0, DOWN: 13
[22:52:10] [main/INFO] (net.minecraft.util.logging.LoggerPrintStream) [STDOUT]: UP: 13, DOWN: 0
[22:52:10] [Server thread/INFO] (net.minecraft.util.logging.LoggerPrintStream) [STDOUT]: UP: 13, DOWN: 0
[22:52:10] [main/INFO] (net.minecraft.util.logging.LoggerPrintStream) [STDOUT]: UP: 0, DOWN: 13
[22:52:10] [Server thread/INFO] (net.minecraft.util.logging.LoggerPrintStream) [STDOUT]: UP: 0, DOWN: 13
[22:52:11] [main/INFO] (net.minecraft.util.logging.LoggerPrintStream) [STDOUT]: UP: 13, DOWN: 0
[22:52:11] [Server thread/INFO] (net.minecraft.util.logging.LoggerPrintStream) [STDOUT]: UP: 13, DOWN: 0
[22:52:11] [main/INFO] (net.minecraft.util.logging.LoggerPrintStream) [STDOUT]: UP: 0, DOWN: 13
[22:52:11] [Server thread/INFO] (net.minecraft.util.logging.LoggerPrintStream) [STDOUT]: UP: 0, DOWN: 13
[22:52:12] [main/INFO] (net.minecraft.util.logging.LoggerPrintStream) [STDOUT]: UP: 13, DOWN: 0
[22:52:12] [Server thread/INFO] (net.minecraft.util.logging.LoggerPrintStream) [STDOUT]: UP: 13, DOWN: 0
[22:52:12] [main/INFO] (net.minecraft.util.logging.LoggerPrintStream) [STDOUT]: UP: 0, DOWN: 13
[22:52:12] [Server thread/INFO] (net.minecraft.util.logging.LoggerPrintStream) [STDOUT]: UP: 0, DOWN: 13
[22:52:13] [main/INFO] (net.minecraft.util.logging.LoggerPrintStream) [STDOUT]: UP: 13, DOWN: 0
[22:52:13] [Server thread/INFO] (net.minecraft.util.logging.LoggerPrintStream) [STDOUT]: UP: 13, DOWN: 0
[22:52:13] [main/INFO] (net.minecraft.util.logging.LoggerPrintStream) [STDOUT]: UP: 0, DOWN: 13
[22:52:13] [Server thread/INFO] (net.minecraft.util.logging.LoggerPrintStream) [STDOUT]: UP: 0, DOWN: 13
[22:52:14] [main/INFO] (net.minecraft.util.logging.LoggerPrintStream) [STDOUT]: UP: 13, DOWN: 0
[22:52:14] [Server thread/INFO] (net.minecraft.util.logging.LoggerPrintStream) [STDOUT]: UP: 13, DOWN: 0
[22:52:15] [main/INFO] (net.minecraft.util.logging.LoggerPrintStream) [STDOUT]: UP: 0, DOWN: 13
[22:52:15] [Server thread/INFO] (net.minecraft.util.logging.LoggerPrintStream) [STDOUT]: UP: 0, DOWN: 13
[22:52:16] [main/INFO] (net.minecraft.util.logging.LoggerPrintStream) [STDOUT]: UP: 13, DOWN: 0
[22:52:16] [Server thread/INFO] (net.minecraft.util.logging.LoggerPrintStream) [STDOUT]: UP: 13, DOWN: 0
[22:52:16] [main/INFO] (net.minecraft.util.logging.LoggerPrintStream) [STDOUT]: UP: 0, DOWN: 13
[22:52:16] [Server thread/INFO] (net.minecraft.util.logging.LoggerPrintStream) [STDOUT]: UP: 0, DOWN: 13
[22:52:16] [main/INFO] (net.minecraft.util.logging.LoggerPrintStream) [STDOUT]: UP: 13, DOWN: 0
[22:52:16] [Server thread/INFO] (net.minecraft.util.logging.LoggerPrintStream) [STDOUT]: UP: 13, DOWN: 0
[22:52:18] [main/INFO] (net.minecraft.util.logging.LoggerPrintStream) [STDOUT]: UP: 0, DOWN: 13
[22:52:18] [Server thread/INFO] (net.minecraft.util.logging.LoggerPrintStream) [STDOUT]: UP: 0, DOWN: 13
[22:52:18] [main/INFO] (net.minecraft.util.logging.LoggerPrintStream) [STDOUT]: UP: 13, DOWN: 0
[22:52:18] [Server thread/INFO] (net.minecraft.util.logging.LoggerPrintStream) [STDOUT]: UP: 13, DOWN: 0
[22:52:19] [main/INFO] (net.minecraft.util.logging.LoggerPrintStream) [STDOUT]: UP: 0, DOWN: 13
[22:52:19] [Server thread/INFO] (net.minecraft.util.logging.LoggerPrintStream) [STDOUT]: UP: 0, DOWN: 13
[22:52:19] [main/INFO] (net.minecraft.util.logging.LoggerPrintStream) [STDOUT]: UP: 13, DOWN: 0
[22:52:19] [Server thread/INFO] (net.minecraft.util.logging.LoggerPrintStream) [STDOUT]: UP: 13, DOWN: 0
[22:52:20] [main/INFO] (net.minecraft.util.logging.LoggerPrintStream) [STDOUT]: UP: 0, DOWN: 13
[22:52:20] [Server thread/INFO] (net.minecraft.util.logging.LoggerPrintStream) [STDOUT]: UP: 0, DOWN: 13
[22:52:21] [main/INFO] (net.minecraft.util.logging.LoggerPrintStream) [STDOUT]: UP: 13, DOWN: 0
[22:52:21] [Server thread/INFO] (net.minecraft.util.logging.LoggerPrintStream) [STDOUT]: UP: 13, DOWN: 0
[22:52:22] [main/INFO] (net.minecraft.util.logging.LoggerPrintStream) [STDOUT]: UP: 0, DOWN: 13
[22:52:22] [Server thread/INFO] (net.minecraft.util.logging.LoggerPrintStream) [STDOUT]: UP: 0, DOWN: 13
[22:52:23] [main/INFO] (net.minecraft.util.logging.LoggerPrintStream) [STDOUT]: UP: 13, DOWN: 0
[22:52:23] [Server thread/INFO] (net.minecraft.util.logging.LoggerPrintStream) [STDOUT]: UP: 13, DOWN: 0
[22:52:24] [main/INFO] (net.minecraft.util.logging.LoggerPrintStream) [STDOUT]: UP: 0, DOWN: 13
[22:52:24] [Server thread/INFO] (net.minecraft.util.logging.LoggerPrintStream) [STDOUT]: UP: 0, DOWN: 13
[22:52:25] [main/INFO] (net.minecraft.util.logging.LoggerPrintStream) [STDOUT]: UP: 13, DOWN: 0
[22:52:25] [Server thread/INFO] (net.minecraft.util.logging.LoggerPrintStream) [STDOUT]: UP: 13, DOWN: 0
[22:52:25] [main/INFO] (net.minecraft.util.logging.LoggerPrintStream) [STDOUT]: UP: 0, DOWN: 13
[22:52:25] [Server thread/INFO] (net.minecraft.util.logging.LoggerPrintStream) [STDOUT]: UP: 0, DOWN: 13
[22:52:26] [main/INFO] (net.minecraft.util.logging.LoggerPrintStream) [STDOUT]: UP: 13, DOWN: 0
[22:52:26] [Server thread/INFO] (net.minecraft.util.logging.LoggerPrintStream) [STDOUT]: UP: 13, DOWN: 0
[22:52:26] [main/INFO] (net.minecraft.util.logging.LoggerPrintStream) [STDOUT]: UP: 0, DOWN: 13
[22:52:26] [Server thread/INFO] (net.minecraft.util.logging.LoggerPrintStream) [STDOUT]: UP: 0, DOWN: 13
[22:52:27] [main/INFO] (net.minecraft.util.logging.LoggerPrintStream) [STDOUT]: UP: 13, DOWN: 0
[22:52:27] [Server thread/INFO] (net.minecraft.util.logging.LoggerPrintStream) [STDOUT]: UP: 13, DOWN: 0
[22:52:27] [main/INFO] (net.minecraft.util.logging.LoggerPrintStream) [STDOUT]: UP: 0, DOWN: 13
[22:52:27] [Server thread/INFO] (net.minecraft.util.logging.LoggerPrintStream) [STDOUT]: UP: 0, DOWN: 13
[22:52:28] [main/INFO] (net.minecraft.util.logging.LoggerPrintStream) [STDOUT]: UP: 13, DOWN: 0
[22:52:28] [Server thread/INFO] (net.minecraft.util.logging.LoggerPrintStream) [STDOUT]: UP: 13, DOWN: 0
[22:52:28] [main/INFO] (net.minecraft.util.logging.LoggerPrintStream) [STDOUT]: UP: 0, DOWN: 13
[22:52:28] [Server thread/INFO] (net.minecraft.util.logging.LoggerPrintStream) [STDOUT]: UP: 0, DOWN: 13
[22:52:28] [main/INFO] (net.minecraft.util.logging.LoggerPrintStream) [STDOUT]: UP: 13, DOWN: 0
[22:52:28] [Server thread/INFO] (net.minecraft.util.logging.LoggerPrintStream) [STDOUT]: UP: 13, DOWN: 0
[22:53:28] [main/INFO] (net.minecraft.client.MinecraftClient) Stopping!
[22:53:28] [Server thread/INFO] (net.minecraft.server.network.ServerPlayNetworkHandler) Player428 lost connection: Disconnected
[22:53:28] [Server thread/INFO] (net.minecraft.server.MinecraftServer) Player428 left the game
[22:53:28] [Server thread/INFO] (net.minecraft.server.network.ServerPlayNetworkHandler) Stopping singleplayer server as player logged out
[22:53:28] [Server thread/INFO] (net.minecraft.server.MinecraftServer) Stopping server
[22:53:28] [Server thread/INFO] (net.minecraft.server.MinecraftServer) Saving players
[22:53:28] [Server thread/INFO] (net.minecraft.server.MinecraftServer) Saving worlds
[22:53:28] [Server thread/INFO] (net.minecraft.server.MinecraftServer) Saving chunks for level 'ServerLevel[New World]'/minecraft:overworld
[22:53:29] [Server thread/INFO] (net.minecraft.server.world.ThreadedAnvilChunkStorage) ThreadedAnvilChunkStorage (New World): All chunks are saved
[22:53:29] [Server thread/INFO] (net.minecraft.server.MinecraftServer) Saving chunks for level 'ServerLevel[New World]'/minecraft:the_nether
[22:53:29] [Server thread/INFO] (net.minecraft.server.world.ThreadedAnvilChunkStorage) ThreadedAnvilChunkStorage (DIM-1): All chunks are saved
[22:53:29] [Server thread/INFO] (net.minecraft.server.MinecraftServer) Saving chunks for level 'ServerLevel[New World]'/minecraft:the_end
[22:53:29] [Server thread/INFO] (net.minecraft.server.world.ThreadedAnvilChunkStorage) ThreadedAnvilChunkStorage (DIM1): All chunks are saved
[22:53:29] [Server thread/INFO] (net.minecraft.server.world.ThreadedAnvilChunkStorage) ThreadedAnvilChunkStorage (New World): All chunks are saved
[22:53:29] [Server thread/INFO] (net.minecraft.server.world.ThreadedAnvilChunkStorage) ThreadedAnvilChunkStorage (DIM-1): All chunks are saved
[22:53:29] [Server thread/INFO] (net.minecraft.server.world.ThreadedAnvilChunkStorage) ThreadedAnvilChunkStorage (DIM1): All chunks are saved
