[00:18:36] [main/INFO]: Loading for game Minecraft 1.16.1
[00:18:36] [main/INFO]: [FabricLoader] Loading 3 mods: minecraft@1.16.1, fabricloader@0.9.0+build.204, ladderwarp@1.16.1-1.0.0
[00:18:36] [main/INFO]: SpongePowered MIXIN Subsystem Version=0.8 Source=file:/home/jad/.gradle/caches/modules-2/files-2.1/net.fabricmc/sponge-mixin/0.8+build.18/af077ad2845a00cde186fa2c99c4dd32bd2a2766/sponge-mixin-0.8+build.18.jar Service=Knot/Fabric Env=CLIENT
[00:18:37] [main/INFO]: Loaded Fabric development mappings for mixin remapper!
[00:18:37] [main/INFO]: Attempting to load Hot-Swap agent
[00:18:43] [main/INFO]: Environment: authHost='https://authserver.mojang.com', accountsHost='https://api.mojang.com', sessionHost='https://sessionserver.mojang.com', name='PROD'
[00:18:43] [main/INFO]: Setting user: Player254
[00:18:43] [main/INFO]: Backend library: LWJGL version 3.2.2 build 10
[00:18:46] [main/WARN]: ERROR : Couldn't load Narrator library : Unable to load library 'fliteWrapper': Native library (linux-x86-64/libfliteWrapper.so) not found in resource path (/media/storage/docs/mc/mods/fabric/1.16.1/ladderwarp/build/classes/java/main:/media/storage/docs/mc/mods/fabric/1.16.1/ladderwarp/build/resources/main:/home/jad/.gradle/caches/fabric-loom/yarn-1.16.1+build.21-v2-final.jar:/home/jad/.gradle/caches/modules-2/files-2.1/com.mojang/patchy/1.1/aef610b34a1be37fa851825f12372b78424d8903/patchy-1.1.jar:/home/jad/.gradle/caches/modules-2/files-2.1/oshi-project/oshi-core/1.1/9ddf7b048a8d701be231c0f4f95fd986198fd2d8/oshi-core-1.1.jar:/home/jad/.gradle/caches/modules-2/files-2.1/net.java.dev.jna/jna/4.4.0/cb208278274bf12ebdb56c61bd7407e6f774d65a/jna-4.4.0.jar:/home/jad/.gradle/caches/modules-2/files-2.1/net.java.dev.jna/platform/3.4.0/e3f70017be8100d3d6923f50b3d2ee17714e9c13/platform-3.4.0.jar:/home/jad/.gradle/caches/modules-2/files-2.1/com.ibm.icu/icu4j/66.1/72c7519b6d91f7a1f993bd44a99fe95d67211b27/icu4j-66.1.jar:/home/jad/.gradle/caches/modules-2/files-2.1/com.mojang/javabridge/1.0.22/6aa6453aa99a52a5cd91749da1af6ab70e082ab3/javabridge-1.0.22.jar:/home/jad/.gradle/caches/modules-2/files-2.1/net.sf.jopt-simple/jopt-simple/5.0.3/cdd846cfc4e0f7eefafc02c0f5dce32b9303aa2a/jopt-simple-5.0.3.jar:/home/jad/.gradle/caches/modules-2/files-2.1/io.netty/netty-all/4.1.25.Final/d0626cd3108294d1d58c05859add27b4ef21f83b/netty-all-4.1.25.Final.jar:/home/jad/.gradle/caches/modules-2/files-2.1/com.google.guava/guava/21.0/3a3d111be1be1b745edfa7d91678a12d7ed38709/guava-21.0.jar:/home/jad/.gradle/caches/modules-2/files-2.1/org.apache.commons/commons-lang3/3.5/6c6c702c89bfff3cd9e80b04d668c5e190d588c6/commons-lang3-3.5.jar:/home/jad/.gradle/caches/modules-2/files-2.1/commons-io/commons-io/2.5/2852e6e05fbb95076fc091f6d1780f1f8fe35e0f/commons-io-2.5.jar:/home/jad/.gradle/caches/modules-2/files-2.1/commons-codec/commons-codec/1.10/4b95f4897fa13f2cd904aee711aeafc0c5295cd8/commons-codec-1.10.jar:/home/jad/.gradle/caches/modules-2/files-2.1/net.java.jinput/jinput/2.0.5/39c7796b469a600f72380316f6b1f11db6c2c7c4/jinput-2.0.5.jar:/home/jad/.gradle/caches/modules-2/files-2.1/net.java.jutils/jutils/1.0.0/e12fe1fda814bd348c1579329c86943d2cd3c6a6/jutils-1.0.0.jar:/home/jad/.gradle/caches/modules-2/files-2.1/com.mojang/brigadier/1.0.17/c6b7dc51dd44379cc751b7504816006e9be4b1e6/brigadier-1.0.17.jar:/home/jad/.gradle/caches/modules-2/files-2.1/com.mojang/datafixerupper/3.0.25/b3e9ae66d5a69b4aa43d9dbe1e2b2d1401251343/datafixerupper-3.0.25.jar:/home/jad/.gradle/caches/modules-2/files-2.1/com.google.code.gson/gson/2.8.0/c4ba5371a29ac9b2ad6129b1d39ea38750043eff/gson-2.8.0.jar:/home/jad/.gradle/caches/modules-2/files-2.1/com.mojang/authlib/1.6.25/5bd0ce00c1e1f483641f85bccb02d1956dd77ec0/authlib-1.6.25.jar:/home/jad/.gradle/caches/modules-2/files-2.1/org.apache.commons/commons-compress/1.8.1/a698750c16740fd5b3871425f4cb3bbaa87f529d/commons-compress-1.8.1.jar:/home/jad/.gradle/caches/modules-2/files-2.1/org.apache.httpcomponents/httpclient/4.3.3/18f4247ff4572a074444572cee34647c43e7c9c7/httpclient-4.3.3.jar:/home/jad/.gradle/caches/modules-2/files-2.1/commons-logging/commons-logging/1.1.3/f6f66e966c70a83ffbdb6f17a0919eaf7c8aca7f/commons-logging-1.1.3.jar:/home/jad/.gradle/caches/modules-2/files-2.1/org.apache.httpcomponents/httpcore/4.3.2/31fbbff1ddbf98f3aa7377c94d33b0447c646b6e/httpcore-4.3.2.jar:/home/jad/.gradle/caches/modules-2/files-2.1/it.unimi.dsi/fastutil/8.2.1/5ad88f325e424f8dbc2be5459e21ea5cab3864e9/fastutil-8.2.1.jar:/home/jad/.gradle/caches/modules-2/files-2.1/org.apache.logging.log4j/log4j-api/2.8.1/e801d13612e22cad62a3f4f3fe7fdbe6334a8e72/log4j-api-2.8.1.jar:/home/jad/.gradle/caches/modules-2/files-2.1/org.apache.logging.log4j/log4j-core/2.8.1/4ac28ff2f1ddf05dae3043a190451e8c46b73c31/log4j-core-2.8.1.jar:/home/jad/.gradle/caches/modules-2/files-2.1/org.lwjgl/lwjgl/3.2.2/8ad6294407e15780b43e84929c40e4c5e997972e/lwjgl-3.2.2.jar:/home/jad/.gradle/caches/modules-2/files-2.1/org.lwjgl/lwjgl-jemalloc/3.2.2/ee8e57a79300f78294576d87c4a587f8c99402e2/lwjgl-jemalloc-3.2.2.jar:/home/jad/.gradle/caches/modules-2/files-2.1/org.lwjgl/lwjgl-openal/3.2.2/2b772a102b0a11ee5f2109a5b136f4dc7c630827/lwjgl-openal-3.2.2.jar:/home/jad/.gradle/caches/modules-2/files-2.1/org.lwjgl/lwjgl-opengl/3.2.2/6ac5bb88b44c43ea195a570aab059f63da004cd8/lwjgl-opengl-3.2.2.jar:/home/jad/.gradle/caches/modules-2/files-2.1/org.lwjgl/lwjgl-glfw/3.2.2/d3ad4df38e400b8afba1de63f84338809399df5b/lwjgl-glfw-3.2.2.jar:/home/jad/.gradle/caches/modules-2/files-2.1/org.lwjgl/lwjgl-stb/3.2.2/3b8e6ebc5851dd3d17e37e5cadce2eff2a429f0f/lwjgl-stb-3.2.2.jar:/home/jad/.gradle/caches/modules-2/files-2.1/org.lwjgl/lwjgl-tinyfd/3.2.2/fcbe606c8f8da6f8f9a05e2c540eb1ee8632b0e9/lwjgl-tinyfd-3.2.2.jar:/home/jad/.gradle/caches/modules-2/files-2.1/com.mojang/text2speech/1.11.3/f378f889797edd7df8d32272c06ca80a1b6b0f58/text2speech-1.11.3.jar:/home/jad/.gradle/caches/modules-2/files-2.1/net.fabricmc/tiny-mappings-parser/0.2.2.14/b7020df2520820f670dfaedd2cf23666d24a2aa8/tiny-mappings-parser-0.2.2.14.jar:/home/jad/.gradle/caches/modules-2/files-2.1/net.fabricmc/sponge-mixin/0.8+build.18/af077ad2845a00cde186fa2c99c4dd32bd2a2766/sponge-mixin-0.8+build.18.jar:/home/jad/.gradle/caches/modules-2/files-2.1/net.fabricmc/tiny-remapper/0.2.2.64/34702a4109c7a9bfe1cb599f9fc46b2c06a3e8f0/tiny-remapper-0.2.2.64.jar:/home/jad/.gradle/caches/modules-2/files-2.1/net.fabricmc/fabric-loader-sat4j/2.3.5.4/f8fe5353909430b5845ae24ea1e01d83f12ad916/fabric-loader-sat4j-2.3.5.4.jar:/home/jad/.gradle/caches/modules-2/files-2.1/com.google.jimfs/jimfs/1.2-fabric/c3705f1acc511edb8ad4fd4e86ae4634a25315bb/jimfs-1.2-fabric.jar:/home/jad/.gradle/caches/modules-2/files-2.1/org.ow2.asm/asm/8.0/d1a17d07c60e9e82c8b31b1d8f9ca98726418db4/asm-8.0.jar:/home/jad/.gradle/caches/modules-2/files-2.1/org.ow2.asm/asm-analysis/8.0/57b12c6a9e14788f63ee3c6c0132fadcce1727d0/asm-analysis-8.0.jar:/home/jad/.gradle/caches/modules-2/files-2.1/org.ow2.asm/asm-commons/8.0/ea2231bdb3394bcca5989db7f7586f743829a9cb/asm-commons-8.0.jar:/home/jad/.gradle/caches/modules-2/files-2.1/org.ow2.asm/asm-tree/8.0/7b31ca94da9f57334a5aed79b40f2b88c5ee9f4f/asm-tree-8.0.jar:/home/jad/.gradle/caches/modules-2/files-2.1/org.ow2.asm/asm-util/8.0/b21996293fd49851ed9017cfde3191e49f77fbd0/asm-util-8.0.jar:/home/jad/.gradle/caches/fabric-loom/1.16.1-mapped-net.fabricmc.yarn-1.16.1+build.21-v2/minecraft-1.16.1-mapped-net.fabricmc.yarn-1.16.1+build.21-v2.jar:/media/storage/docs/mc/mods/fabric/1.16.1/ladderwarp/.gradle/loom-cache/remapped_mods/fabric-loader-0.9.0+build.204@net.fabricmc.yarn.1_16_1.1.16.1+build.21-v2.jar:/home/jad/.gradle/caches/modules-2/files-2.1/net.minecrell/terminalconsoleappender/1.2.0/96d02cd3b384ff015a8fef4223bcb4ccf1717c95/terminalconsoleappender-1.2.0.jar:/home/jad/.gradle/caches/modules-2/files-2.1/net.fabricmc/dev-launch-injector/0.2.1+build.8/da8bef7e6e2f952da707f282bdb46882a0fce5e3/dev-launch-injector-0.2.1+build.8.jar:/home/jad/.gradle/caches/modules-2/files-2.1/org.jline/jline-reader/3.12.1/4382ab1382c7b6f379377ed5f665dc2f6e1218bc/jline-reader-3.12.1.jar:/home/jad/.gradle/caches/modules-2/files-2.1/org.jline/jline-terminal/3.12.1/c777448314e050d980a6b697c140f3bfe9eb7416/jline-terminal-3.12.1.jar:/usr/share/idea/lib/idea_rt.jar)
[00:18:46] [main/INFO]: Reloading ResourceManager: Default
[00:18:48] [Realms Notification Availability checker #1/INFO]: Could not authorize you against Realms server: Invalid session id
[00:18:52] [main/INFO]: OpenAL initialized.
[00:18:52] [main/INFO]: Sound engine started
[00:18:53] [main/INFO]: Created: 1024x1024x4 minecraft:textures/atlas/blocks.png-atlas
[00:18:53] [main/INFO]: Created: 256x128x4 minecraft:textures/atlas/signs.png-atlas
[00:18:53] [main/INFO]: Created: 1024x512x4 minecraft:textures/atlas/banner_patterns.png-atlas
[00:18:53] [main/INFO]: Created: 1024x512x4 minecraft:textures/atlas/shield_patterns.png-atlas
[00:18:53] [main/INFO]: Created: 256x256x4 minecraft:textures/atlas/chest.png-atlas
[00:18:53] [main/INFO]: Created: 512x256x4 minecraft:textures/atlas/beds.png-atlas
[00:18:53] [main/INFO]: Created: 512x256x4 minecraft:textures/atlas/shulker_boxes.png-atlas
[00:18:54] [main/INFO]: Created: 256x256x0 minecraft:textures/atlas/particles.png-atlas
[00:18:54] [main/INFO]: Created: 256x256x0 minecraft:textures/atlas/paintings.png-atlas
[00:18:54] [main/INFO]: Created: 256x128x0 minecraft:textures/atlas/mob_effects.png-atlas
[00:18:58] [main/WARN]: Ambiguity between arguments [teleport, destination] and [teleport, targets] with inputs: [Player, 0123, @e, dd12be42-52a9-4a91-a8a1-11c01849e498]
[00:18:58] [main/WARN]: Ambiguity between arguments [teleport, location] and [teleport, destination] with inputs: [0.1 -0.5 .9, 0 0 0]
[00:18:58] [main/WARN]: Ambiguity between arguments [teleport, location] and [teleport, targets] with inputs: [0.1 -0.5 .9, 0 0 0]
[00:18:58] [main/WARN]: Ambiguity between arguments [teleport, targets] and [teleport, destination] with inputs: [Player, 0123, dd12be42-52a9-4a91-a8a1-11c01849e498]
[00:18:58] [main/WARN]: Ambiguity between arguments [teleport, targets, location] and [teleport, targets, destination] with inputs: [0.1 -0.5 .9, 0 0 0]
[00:18:58] [main/INFO]: Reloading ResourceManager: Default
[00:19:00] [main/INFO]: Loaded 7 recipes
[00:19:00] [main/INFO]: Loaded 927 advancements
[00:19:02] [main/INFO]: Environment: authHost='https://authserver.mojang.com', accountsHost='https://api.mojang.com', sessionHost='https://sessionserver.mojang.com', name='PROD'
[00:19:02] [Server thread/INFO]: Starting integrated minecraft server version 1.16.1
[00:19:02] [Server thread/INFO]: Generating keypair
[00:19:02] [Server thread/INFO]: Preparing start region for dimension minecraft:overworld
[00:19:04] [main/INFO]: Preparing spawn area: 0%
[00:19:04] [main/INFO]: Preparing spawn area: 0%
[00:19:04] [main/INFO]: Preparing spawn area: 0%
[00:19:04] [main/INFO]: Preparing spawn area: 0%
[00:19:05] [main/INFO]: Preparing spawn area: 95%
[00:19:05] [main/INFO]: Time elapsed: 2462 ms
[00:19:05] [Server thread/INFO]: Changing view distance to 8, from 10
[00:19:11] [Server thread/INFO]: Player254[local:E:a256162d] logged in with entity id 34 at (49.436439628069714, 4.0, -137.06169767065205)
[00:19:11] [Server thread/INFO]: Player254 joined the game
[00:19:11] [Server thread/INFO]: Saving and pausing game...
[00:19:11] [Server thread/INFO]: Saving chunks for level 'ServerLevel[New World]'/minecraft:overworld
[00:19:11] [main/INFO]: Loaded 2 advancements
[00:19:11] [Server thread/INFO]: Saving chunks for level 'ServerLevel[New World]'/minecraft:the_nether
[00:19:11] [Server thread/INFO]: Saving chunks for level 'ServerLevel[New World]'/minecraft:the_end
[00:19:44] [main/INFO]: Stopping!
[00:19:44] [Server thread/INFO]: Player254 lost connection: Disconnected
[00:19:44] [Server thread/INFO]: Player254 left the game
[00:19:44] [Server thread/INFO]: Stopping singleplayer server as player logged out
[00:19:44] [Server thread/INFO]: Stopping server
[00:19:44] [Server thread/INFO]: Saving players
[00:19:44] [Server thread/INFO]: Saving worlds
[00:19:44] [Server thread/INFO]: Saving chunks for level 'ServerLevel[New World]'/minecraft:overworld
[00:19:44] [Server thread/INFO]: ThreadedAnvilChunkStorage (New World): All chunks are saved
[00:19:44] [Server thread/INFO]: Saving chunks for level 'ServerLevel[New World]'/minecraft:the_nether
[00:19:44] [Server thread/INFO]: ThreadedAnvilChunkStorage (DIM-1): All chunks are saved
[00:19:44] [Server thread/INFO]: Saving chunks for level 'ServerLevel[New World]'/minecraft:the_end
[00:19:44] [Server thread/INFO]: ThreadedAnvilChunkStorage (DIM1): All chunks are saved
[00:19:44] [Server thread/INFO]: ThreadedAnvilChunkStorage (New World): All chunks are saved
[00:19:44] [Server thread/INFO]: ThreadedAnvilChunkStorage (DIM-1): All chunks are saved
[00:19:44] [Server thread/INFO]: ThreadedAnvilChunkStorage (DIM1): All chunks are saved
